#
# There is insufficient memory for the Java Runtime Environment to continue.
# Native memory allocation (mmap) failed to map 268435456 bytes for G1 virtual space
# Possible reasons:
#   The system is out of physical RAM or swap space
#   The process is running with CompressedOops enabled, and the Java Heap may be blocking the growth of the native heap
# Possible solutions:
#   Reduce memory load on the system
#   Increase physical memory or swap space
#   Check if swap backing store is full
#   Decrease Java heap size (-Xmx/-Xms)
#   Decrease number of Java threads
#   Decrease Java thread stack sizes (-Xss)
#   Set larger code cache with -XX:ReservedCodeCacheSize=
#   JVM is running with Zero Based Compressed Oops mode in which the Java heap is
#     placed in the first 32GB address space. The Java Heap base address is the
#     maximum limit for the native heap growth. Please use -XX:HeapBaseMinAddress
#     to set the Java Heap base and to place the Java Heap above 32GB virtual address.
# This output file may be truncated or incomplete.
#
#  Out of Memory Error (os_windows.cpp:3771), pid=4540, tid=13808
#
# JRE version:  (17.0.7) (build )
# Java VM: OpenJDK 64-Bit Server VM (17.0.7+0-b2043.56-10550314, mixed mode, sharing, tiered, compressed oops, compressed class ptrs, g1 gc, windows-amd64)
# No core dump will be written. Minidumps are not enabled by default on client versions of Windows
#

---------------  S U M M A R Y ------------

Command Line: org.jetbrains.kotlin.cli.jvm.K2JVMCompiler @E:\smarthome\app\build\20241112_16396258449813891945.compiler.options

Host: Intel(R) Core(TM) i7-9700 CPU @ 3.00GHz, 8 cores, 15G,  Windows 10 , 64 bit Build 17763 (10.0.17763.4974)
Time: Tue Nov 12 14:00:35 2024 ќмское стандартное врем€ elapsed time: 0.012092 seconds (0d 0h 0m 0s)

---------------  T H R E A D  ---------------

Current thread (0x000001d7a1438c60):  JavaThread "Unknown thread" [_thread_in_vm, id=13808, stack(0x00000044a7300000,0x00000044a7400000)]

Stack: [0x00000044a7300000,0x00000044a7400000]
Native frames: (J=compiled Java code, j=interpreted, Vv=VM code, C=native code)
V  [jvm.dll+0x683bfa]
V  [jvm.dll+0x8430a4]
V  [jvm.dll+0x8449be]
V  [jvm.dll+0x845023]
V  [jvm.dll+0x24ad2f]
V  [jvm.dll+0x680ac9]
V  [jvm.dll+0x67519a]
V  [jvm.dll+0x30b3cb]
V  [jvm.dll+0x312876]
V  [jvm.dll+0x36221e]
V  [jvm.dll+0x36244f]
V  [jvm.dll+0x2e14a8]
V  [jvm.dll+0x2e2414]
V  [jvm.dll+0x814391]
V  [jvm.dll+0x36ffe1]
V  [jvm.dll+0x7f396c]
V  [jvm.dll+0x3f305f]
V  [jvm.dll+0x3f4b91]
C  [jli.dll+0x528f]
C  [ucrtbase.dll+0x2268a]
C  [KERNEL32.DLL+0x17ac4]
C  [ntdll.dll+0x5a8c1]


---------------  P R O C E S S  ---------------

Threads class SMR info:
_java_thread_list=0x00007fffd25dd098, length=0, elements={
}

Java Threads: ( => current thread )

Other Threads:
  0x000001d7a14a3830 GCTaskThread "GC Thread#0" [stack: 0x00000044a7400000,0x00000044a7500000] [id=1096]
  0x000001d7a14b5640 ConcurrentGCThread "G1 Main Marker" [stack: 0x00000044a7500000,0x00000044a7600000] [id=16916]
  0x000001d7a14b6c10 ConcurrentGCThread "G1 Conc#0" [stack: 0x00000044a7600000,0x00000044a7700000] [id=14896]

[error occurred during error reporting (printing all threads), id 0xc0000005, EXCEPTION_ACCESS_VIOLATION (0xc0000005) at pc=0x00007fffd1d92087]

VM state: not at safepoint (not fully initialized)

VM Mutex/Monitor currently owned by a thread:  ([mutex/lock_event])
[0x000001d7a14359b0] Heap_lock - owner thread: 0x000001d7a1438c60

Heap address: 0x0000000701400000, size: 4076 MB, Compressed Oops mode: Zero based, Oop shift amount: 3

CDS archive(s) mapped at: [0x0000000000000000-0x0000000000000000-0x0000000000000000), size 0, SharedBaseAddress: 0x0000000800000000, ArchiveRelocationMode: 0.
Narrow klass base: 0x0000000000000000, Narrow klass shift: 0, Narrow klass range: 0x0

GC Precious Log:
<Empty>

Heap:
 garbage-first heap   total 0K, used 0K [0x0000000701400000, 0x0000000800000000)
  region size 2048K, 0 young (0K), 0 survivors (0K)
 Metaspace       used 0K, committed 0K, reserved 0K
  class space    used 0K, committed 0K, reserved 0K

Heap Regions: E=young(eden), S=young(survivor), O=old, HS=humongous(starts), HC=humongous(continues), CS=collection set, F=free, OA=open archive, CA=closed archive, TAMS=top-at-mark-start (previous, next)

Card table byte_map: [0x000001d7b4430000,0x000001d7b4c30000] _byte_map_base: 0x000001d7b0c26000

Marking Bits (Prev, Next): (CMBitMap*) 0x000001d7a14a4e50, (CMBitMap*) 0x000001d7a14a4e90
 Prev Bits: [0x000001d7b5430000, 0x000001d7b93e0000)
 Next Bits: [0x000001d7b93e0000, 0x000001d7bd390000)

GC Heap History (0 events):
No events

Dll operation events (1 events):
Event: 0.003 Loaded shared library C:\Program Files\Android\Android Studio\jbr\bin\java.dll

Deoptimization events (0 events):
No events

Classes unloaded (0 events):
No events

Classes redefined (0 events):
No events

Internal exceptions (0 events):
No events

VM Operations (0 events):
No events

Events (0 events):
No events


Dynamic libraries:
0x00007ff7c76c0000 - 0x00007ff7c76ca000 	C:\Program Files\Android\Android Studio\jbr\bin\java.exe
0x00007ff82d4a0000 - 0x00007ff82d68e000 	C:\Windows\SYSTEM32\ntdll.dll
0x00007ff82abc0000 - 0x00007ff82ac73000 	C:\Windows\System32\KERNEL32.DLL
0x00007ff82a1a0000 - 0x00007ff82a43d000 	C:\Windows\System32\KERNELBASE.dll
0x00007ff82a0a0000 - 0x00007ff82a19a000 	C:\Windows\System32\ucrtbase.dll
0x00007ff806cc0000 - 0x00007ff806cdb000 	C:\Program Files\Android\Android Studio\jbr\bin\VCRUNTIME140.dll
0x00007ff814310000 - 0x00007ff814327000 	C:\Program Files\Android\Android Studio\jbr\bin\jli.dll
0x00007ff82b780000 - 0x00007ff82b917000 	C:\Windows\System32\USER32.dll
0x00007ff813d70000 - 0x00007ff813fe9000 	C:\Windows\WinSxS\amd64_microsoft.windows.common-controls_6595b64144ccf1df_6.0.17763.6054_none_de72924a534a146d\COMCTL32.dll
0x00007ff82a440000 - 0x00007ff82a460000 	C:\Windows\System32\win32u.dll
0x00007ff82a6c0000 - 0x00007ff82a75e000 	C:\Windows\System32\msvcrt.dll
0x00007ff82a690000 - 0x00007ff82a6b9000 	C:\Windows\System32\GDI32.dll
0x00007ff82acf0000 - 0x00007ff82b01a000 	C:\Windows\System32\combase.dll
0x00007ff829cd0000 - 0x00007ff829e78000 	C:\Windows\System32\gdi32full.dll
0x00007ff82b650000 - 0x00007ff82b768000 	C:\Windows\System32\RPCRT4.dll
0x00007ff829c30000 - 0x00007ff829cd0000 	C:\Windows\System32\msvcp_win.dll
0x00007ff82a010000 - 0x00007ff82a092000 	C:\Windows\System32\bcryptPrimitives.dll
0x00007ff82a880000 - 0x00007ff82a8ae000 	C:\Windows\System32\IMM32.DLL
0x00007ff821250000 - 0x00007ff82125c000 	C:\Program Files\Android\Android Studio\jbr\bin\vcruntime140_1.dll
0x00007fffe9bf0000 - 0x00007fffe9c7d000 	C:\Program Files\Android\Android Studio\jbr\bin\msvcp140.dll
0x00007fffd1aa0000 - 0x00007fffd2720000 	C:\Program Files\Android\Android Studio\jbr\bin\server\jvm.dll
0x00007ff82aaf0000 - 0x00007ff82ab98000 	C:\Windows\System32\ADVAPI32.dll
0x00007ff82aa40000 - 0x00007ff82aae2000 	C:\Windows\System32\sechost.dll
0x00007ff82a660000 - 0x00007ff82a686000 	C:\Windows\System32\bcrypt.dll
0x00007ff816150000 - 0x00007ff816159000 	C:\Windows\SYSTEM32\WSOCK32.dll
0x00007ff826670000 - 0x00007ff826694000 	C:\Windows\SYSTEM32\WINMM.dll
0x00007ff82ac80000 - 0x00007ff82aced000 	C:\Windows\System32\WS2_32.dll
0x00007ff823e80000 - 0x00007ff823e8a000 	C:\Windows\SYSTEM32\VERSION.dll
0x00007ff8261b0000 - 0x00007ff8261dd000 	C:\Windows\SYSTEM32\WINMMBASE.dll
0x00007ff829ef0000 - 0x00007ff829f3a000 	C:\Windows\System32\cfgmgr32.dll
0x00007ff829490000 - 0x00007ff8294a1000 	C:\Windows\System32\kernel.appcore.dll
0x00007ff8250f0000 - 0x00007ff8250fa000 	C:\Program Files\Android\Android Studio\jbr\bin\jimage.dll
0x00007ff815250000 - 0x00007ff81543d000 	C:\Windows\SYSTEM32\DBGHELP.DLL
0x00007ff814e40000 - 0x00007ff814e6a000 	C:\Windows\SYSTEM32\dbgcore.DLL
0x00007ff823f90000 - 0x00007ff823fb5000 	C:\Program Files\Android\Android Studio\jbr\bin\java.dll

dbghelp: loaded successfully - version: 4.0.5 - missing functions: none
symbol engine: initialized successfully - sym options: 0x614 - pdb path: .;C:\Program Files\Android\Android Studio\jbr\bin;C:\Windows\SYSTEM32;C:\Windows\WinSxS\amd64_microsoft.windows.common-controls_6595b64144ccf1df_6.0.17763.6054_none_de72924a534a146d;C:\Program Files\Android\Android Studio\jbr\bin\server

VM Arguments:
java_command: org.jetbrains.kotlin.cli.jvm.K2JVMCompiler @E:\smarthome\app\build\20241112_16396258449813891945.compiler.options
java_class_path (initial): C:\Users\android_studio\.gradle\caches\modules-2\files-2.1\org.jetbrains.kotlin\kotlin-compiler-embeddable\1.9.22\9cd4dc7773cf2a99ecd961a88fbbc9a2da3fb5e1\kotlin-compiler-embeddable-1.9.22.jar;C:\Users\android_studio\.gradle\caches\modules-2\files-2.1\org.jetbrains.kotlin\kotlin-stdlib\1.9.22\d6c44cd08d8f3f9bece8101216dbe6553365c6e3\kotlin-stdlib-1.9.22.jar;C:\Users\android_studio\.gradle\caches\modules-2\files-2.1\org.jetbrains.kotlin\kotlin-script-runtime\1.9.22\f8139a46fc677ec9badc49ae954392f4f5e7e7c7\kotlin-script-runtime-1.9.22.jar;C:\Users\android_studio\.gradle\caches\modules-2\files-2.1\org.jetbrains.kotlin\kotlin-reflect\1.6.10\1cbe9c92c12a94eea200d23c2bbaedaf3daf5132\kotlin-reflect-1.6.10.jar;C:\Users\android_studio\.gradle\caches\modules-2\files-2.1\org.jetbrains.kotlin\kotlin-daemon-embeddable\1.9.22\20e2c5df715f3240c765cfc222530e2796542021\kotlin-daemon-embeddable-1.9.22.jar;C:\Users\android_studio\.gradle\caches\modules-2\files-2.1\org.jetbrains.intellij.deps\trove4j\1.0.20200330\3afb14d5f9ceb459d724e907a21145e8ff394f02\trove4j-1.0.20200330.jar;C:\Users\android_studio\.gradle\caches\modules-2\files-2.1\org.jetbrains\annotations\13.0\919f0dfe192fb4e063e7dacadee7f8bb9a2672a9\annotations-13.0.jar
Launcher Type: SUN_STANDARD

[Global flags]
     intx CICompilerCount                          = 4                                         {product} {ergonomic}
     uint ConcGCThreads                            = 2                                         {product} {ergonomic}
     uint G1ConcRefinementThreads                  = 8                                         {product} {ergonomic}
   size_t G1HeapRegionSize                         = 2097152                                   {product} {ergonomic}
    uintx GCDrainStackTargetSize                   = 64                                        {product} {ergonomic}
   size_t InitialHeapSize                          = 268435456                                 {product} {ergonomic}
   size_t MarkStackSize                            = 4194304                                   {product} {ergonomic}
   size_t MaxHeapSize                              = 4273995776                                {product} {ergonomic}
   size_t MinHeapDeltaBytes                        = 2097152                                   {product} {ergonomic}
   size_t MinHeapSize                              = 8388608                                   {product} {ergonomic}
    uintx NonNMethodCodeHeapSize                   = 5839372                                {pd product} {ergonomic}
    uintx NonProfiledCodeHeapSize                  = 122909434                              {pd product} {ergonomic}
    uintx ProfiledCodeHeapSize                     = 122909434                              {pd product} {ergonomic}
    uintx ReservedCodeCacheSize                    = 251658240                              {pd product} {ergonomic}
     bool SegmentedCodeCache                       = true                                      {product} {ergonomic}
   size_t SoftMaxHeapSize                          = 4273995776                             {manageable} {ergonomic}
     bool UseCompressedClassPointers               = true                           {product lp64_product} {ergonomic}
     bool UseCompressedOops                        = true                           {product lp64_product} {ergonomic}
     bool UseG1GC                                  = true                                      {product} {ergonomic}
     bool UseLargePagesIndividualAllocation        = false                                  {pd product} {ergonomic}

Logging:
Log output configuration:
 #0: stdout all=warning uptime,level,tags
 #1: stderr all=off uptime,level,tags

Environment Variables:
JAVA_HOME=C:\Program Files\Android\Jdk\microsoft_dist_openjdk_1.8.0.25
PATH=C:\Program Files\Python312\Scripts\;C:\Program Files\Python312\;C:\Program Files\Python311\Scripts\;C:\Program Files\Python311\;C:\Program Files\Common Files\Oracle\Java\javapath;C:\Program Files (x86)\Python38\Scripts\;C:\Program Files (x86)\Python38\;C:\Program Files\Microsoft MPI\Bin\;C:\Windows\system32;C:\Windows;C:\Windows\System32\Wbem;C:\Windows\System32\WindowsPowerShell\v1.0\;C:\Windows\System32\OpenSSH\;C:\Program Files (x86)\Microsoft SQL Server\150\DTS\Binn\;C:\Program Files\dotnet\;C:\Program Files\Microsoft SQL Server\130\Tools\Binn\;C:\Program Files (x86)\Microsoft SQL Server\140\Tools\Binn\;C:\Program Files\Microsoft SQL Server\140\Tools\Binn\;C:\Program Files (x86)\Microsoft SQL Server\140\DTS\Binn\;C:\Program Files\Microsoft SQL Server\140\DTS\Binn\;C:\Program Files\Microsoft SQL Server\Client SDK\ODBC\130\Tools\Binn\;C:\Program Files\Microsoft SQL Server\Client SDK\ODBC\170\Tools\Binn\;C:\Program Files (x86)\IncrediBuild;C:\Program Files (x86)\NVIDIA Corporation\PhysX\Common;C:\Program Files\Git\cmd;C:\Program Files\Azure Data Studio\bin;C:\Program Files\Microsoft VS Code\bin;C:\Program Files (x86)\Kaspersky Lab\KES.12.2.0\;C:\Users\android_studio\AppData\Local\Microsoft\WindowsApps;
USERNAME=android_studio
OS=Windows_NT
PROCESSOR_IDENTIFIER=Intel64 Family 6 Model 158 Stepping 13, GenuineIntel
TMP=C:\Users\android_studio\AppData\Local\Temp
TEMP=C:\Users\android_studio\AppData\Local\Temp


JNI global refs:
JNI global refs: 0, weak refs: 0

JNI global refs memory usage: 0, weak refs: 0

OOME stack traces (most recent first):
Classloader memory used:


---------------  S Y S T E M  ---------------

OS:
 Windows 10 , 64 bit Build 17763 (10.0.17763.4974)
OS uptime: 0 days 6:09 hours

CPU: total 8 (initial active 8) (8 cores per cpu, 1 threads per core) family 6 model 158 stepping 13 microcode 0xde, cx8, cmov, fxsr, mmx, 3dnowpref, sse, sse2, sse3, ssse3, sse4.1, sse4.2, popcnt, lzcnt, tsc, tscinvbit, avx, avx2, aes, erms, clmul, bmi1, bmi2, adx, fma, vzeroupper, clflush, clflushopt

Memory: 4k page, system-wide physical 16303M (2368M free)
TotalPageFile size 16303M (AvailPageFile size 15M)
current process WorkingSet (physical memory assigned to process): 10M, peak: 10M
current process commit charge ("private bytes"): 60M, peak: 316M

vm_info: OpenJDK 64-Bit Server VM (17.0.7+0-b2043.56-10550314) for windows-amd64 JRE (17.0.7+0-b2043.56-10550314), built on Jul 24 2023 18:27:45 by "androidbuild" with MS VC++ 16.10 / 16.11 (VS2019)

END.
